<?xml version="1.0" encoding="UTF-8"?>
<!-- Generated by org.testng.reporters.JUnitXMLReporter -->
<testsuite ignored="0" hostname="DESKTOP-AK21M41" failures="5" tests="8" name="Default test" time="144.271" errors="0" timestamp="2022-05-27T17:08:19 IST">
  <testcase classname="io.cucumber.testng.AbstractTestNGCucumberTests" name="runScenario" time="19.028"/>
  <testcase classname="io.cucumber.testng.AbstractTestNGCucumberTests" name="runScenario" time="16.89"/>
  <testcase classname="io.cucumber.testng.AbstractTestNGCucumberTests" name="runScenario" time="16.072">
    <failure type="org.junit.ComparisonFailure" message="expected:&amp;lt;[Cauliflower]&amp;gt; but was:&amp;lt;[No data]&amp;gt;">
      <![CDATA[org.junit.ComparisonFailure: expected:<[Cauliflower]> but was:<[No data]>
at org.junit.Assert.assertEquals(Assert.java:117)
at org.junit.Assert.assertEquals(Assert.java:146)
at stepDefination.OffersPage.check_is_both_products_are_same_or_not(OffersPage.java:41)
at ✽.check is both products are same or not(file:///C:/Users/DELL/eclipse-workspace/com.dineshProject/src/test/java/features/searchProduct.feature:9)
]]>
    </failure>
  </testcase> <!-- runScenario -->
  <testcase classname="io.cucumber.testng.AbstractTestNGCucumberTests" name="runScenario" time="16.723">
    <failure type="org.junit.ComparisonFailure" message="expected:&amp;lt;[Walnuts]&amp;gt; but was:&amp;lt;[No data]&amp;gt;">
      <![CDATA[org.junit.ComparisonFailure: expected:<[Walnuts]> but was:<[No data]>
at org.junit.Assert.assertEquals(Assert.java:117)
at org.junit.Assert.assertEquals(Assert.java:146)
at stepDefination.OffersPage.check_is_both_products_are_same_or_not(OffersPage.java:41)
at ✽.check is both products are same or not(file:///C:/Users/DELL/eclipse-workspace/com.dineshProject/src/test/java/features/searchProduct.feature:9)
]]>
    </failure>
  </testcase> <!-- runScenario -->
  <testcase classname="io.cucumber.testng.AbstractTestNGCucumberTests" name="runScenario" time="16.665">
    <failure type="org.junit.ComparisonFailure" message="expected:&amp;lt;[Cashews]&amp;gt; but was:&amp;lt;[No data]&amp;gt;">
      <![CDATA[org.junit.ComparisonFailure: expected:<[Cashews]> but was:<[No data]>
at org.junit.Assert.assertEquals(Assert.java:117)
at org.junit.Assert.assertEquals(Assert.java:146)
at stepDefination.OffersPage.check_is_both_products_are_same_or_not(OffersPage.java:41)
at ✽.check is both products are same or not(file:///C:/Users/DELL/eclipse-workspace/com.dineshProject/src/test/java/features/searchProduct.feature:9)
]]>
    </failure>
  </testcase> <!-- runScenario -->
  <testcase classname="io.cucumber.testng.AbstractTestNGCucumberTests" name="runScenario" time="18.371"/>
  <testcase classname="io.cucumber.testng.AbstractTestNGCucumberTests" name="runScenario" time="18.435">
    <failure type="org.junit.ComparisonFailure" message="expected:&amp;lt;[Raspberry]&amp;gt; but was:&amp;lt;[No data]&amp;gt;">
      <![CDATA[org.junit.ComparisonFailure: expected:<[Raspberry]> but was:<[No data]>
at org.junit.Assert.assertEquals(Assert.java:117)
at org.junit.Assert.assertEquals(Assert.java:146)
at stepDefination.OffersPage.check_is_both_products_are_same_or_not(OffersPage.java:41)
at ✽.check is both products are same or not(file:///C:/Users/DELL/eclipse-workspace/com.dineshProject/src/test/java/features/searchProduct.feature:9)
]]>
    </failure>
  </testcase> <!-- runScenario -->
  <testcase classname="io.cucumber.testng.AbstractTestNGCucumberTests" name="runScenario" time="21.496">
    <failure type="org.junit.ComparisonFailure" message="expected:&amp;lt;[Pis]ta&amp;gt; but was:&amp;lt;[No da]ta&amp;gt;">
      <![CDATA[org.junit.ComparisonFailure: expected:<[Pis]ta> but was:<[No da]ta>
at org.junit.Assert.assertEquals(Assert.java:117)
at org.junit.Assert.assertEquals(Assert.java:146)
at stepDefination.OffersPage.check_is_both_products_are_same_or_not(OffersPage.java:41)
at ✽.check is both products are same or not(file:///C:/Users/DELL/eclipse-workspace/com.dineshProject/src/test/java/features/searchProduct.feature:9)
]]>
    </failure>
  </testcase> <!-- runScenario -->
</testsuite> <!-- Default test -->
