<?xml version="1.0" encoding="UTF-8"?>
<!-- Generated by org.testng.reporters.JUnitReportReporter -->
<testsuite hostname="DESKTOP-AK21M41" failures="5" tests="8" name="TestNGTestRunner.TestRunner" time="143.680" errors="0" timestamp="2022-05-27T17:08:19 IST" skipped="0">
  <testcase classname="TestNGTestRunner.TestRunner" name="runScenario" time="16.665">
    <failure message="expected:&lt;[Cashews]&gt; but was:&lt;[No data]&gt;" type="org.junit.ComparisonFailure">
      <![CDATA[org.junit.ComparisonFailure: expected:<[Cashews]> but was:<[No data]>
at org.junit.Assert.assertEquals(Assert.java:117)
at org.junit.Assert.assertEquals(Assert.java:146)
at stepDefination.OffersPage.check_is_both_products_are_same_or_not(OffersPage.java:41)
at ✽.check is both products are same or not(file:///C:/Users/DELL/eclipse-workspace/com.dineshProject/src/test/java/features/searchProduct.feature:9)
]]>
    </failure>
  </testcase> <!-- runScenario -->
  <system-out/>
  <testcase classname="TestNGTestRunner.TestRunner" name="runScenario" time="19.028"/>
  <system-out/>
  <testcase classname="TestNGTestRunner.TestRunner" name="runScenario" time="16.890"/>
  <system-out/>
  <testcase classname="TestNGTestRunner.TestRunner" name="runScenario" time="18.371"/>
  <system-out/>
  <testcase classname="TestNGTestRunner.TestRunner" name="runScenario" time="16.723">
    <failure message="expected:&lt;[Walnuts]&gt; but was:&lt;[No data]&gt;" type="org.junit.ComparisonFailure">
      <![CDATA[org.junit.ComparisonFailure: expected:<[Walnuts]> but was:<[No data]>
at org.junit.Assert.assertEquals(Assert.java:117)
at org.junit.Assert.assertEquals(Assert.java:146)
at stepDefination.OffersPage.check_is_both_products_are_same_or_not(OffersPage.java:41)
at ✽.check is both products are same or not(file:///C:/Users/DELL/eclipse-workspace/com.dineshProject/src/test/java/features/searchProduct.feature:9)
]]>
    </failure>
  </testcase> <!-- runScenario -->
  <system-out/>
  <testcase classname="TestNGTestRunner.TestRunner" name="runScenario" time="21.496">
    <failure message="expected:&lt;[Pis]ta&gt; but was:&lt;[No da]ta&gt;" type="org.junit.ComparisonFailure">
      <![CDATA[org.junit.ComparisonFailure: expected:<[Pis]ta> but was:<[No da]ta>
at org.junit.Assert.assertEquals(Assert.java:117)
at org.junit.Assert.assertEquals(Assert.java:146)
at stepDefination.OffersPage.check_is_both_products_are_same_or_not(OffersPage.java:41)
at ✽.check is both products are same or not(file:///C:/Users/DELL/eclipse-workspace/com.dineshProject/src/test/java/features/searchProduct.feature:9)
]]>
    </failure>
  </testcase> <!-- runScenario -->
  <system-out/>
  <testcase classname="TestNGTestRunner.TestRunner" name="runScenario" time="18.435">
    <failure message="expected:&lt;[Raspberry]&gt; but was:&lt;[No data]&gt;" type="org.junit.ComparisonFailure">
      <![CDATA[org.junit.ComparisonFailure: expected:<[Raspberry]> but was:<[No data]>
at org.junit.Assert.assertEquals(Assert.java:117)
at org.junit.Assert.assertEquals(Assert.java:146)
at stepDefination.OffersPage.check_is_both_products_are_same_or_not(OffersPage.java:41)
at ✽.check is both products are same or not(file:///C:/Users/DELL/eclipse-workspace/com.dineshProject/src/test/java/features/searchProduct.feature:9)
]]>
    </failure>
  </testcase> <!-- runScenario -->
  <system-out/>
  <testcase classname="TestNGTestRunner.TestRunner" name="runScenario" time="16.072">
    <failure message="expected:&lt;[Cauliflower]&gt; but was:&lt;[No data]&gt;" type="org.junit.ComparisonFailure">
      <![CDATA[org.junit.ComparisonFailure: expected:<[Cauliflower]> but was:<[No data]>
at org.junit.Assert.assertEquals(Assert.java:117)
at org.junit.Assert.assertEquals(Assert.java:146)
at stepDefination.OffersPage.check_is_both_products_are_same_or_not(OffersPage.java:41)
at ✽.check is both products are same or not(file:///C:/Users/DELL/eclipse-workspace/com.dineshProject/src/test/java/features/searchProduct.feature:9)
]]>
    </failure>
  </testcase> <!-- runScenario -->
  <system-out/>
</testsuite> <!-- TestNGTestRunner.TestRunner -->
