<?xml version="1.0" encoding="UTF-8"?>
<!-- Generated by org.testng.reporters.JUnitReportReporter -->
<testsuite hostname="DESKTOP-7O6QIK2" failures="2" tests="2" name="TestNGTestRunner.FailedTestRunner" time="23.267" errors="0" timestamp="2022-05-31T13:06:01 IST" skipped="0">
  <testcase classname="TestNGTestRunner.FailedTestRunner" name="runScenario" time="11.107">
    <failure message="expected [Walnuts] but found [No data]" type="java.lang.AssertionError">
      <![CDATA[java.lang.AssertionError: expected [Walnuts] but found [No data]
at org.testng.Assert.fail(Assert.java:110)
at org.testng.Assert.failNotEquals(Assert.java:1413)
at org.testng.Assert.assertEqualsImpl(Assert.java:149)
at org.testng.Assert.assertEquals(Assert.java:131)
at org.testng.Assert.assertEquals(Assert.java:655)
at org.testng.Assert.assertEquals(Assert.java:665)
at stepDefination.OffersPageStepDefination.check_is_both_products_are_same_or_not(OffersPageStepDefination.java:54)
at ✽.check is both products are same or not(file:///C:/Users/DinnuBunny/eclipse-workspace2/for-eclipse/for-eclipse/src/test/java/features/searchProduct.feature:9)
]]>
    </failure>
  </testcase> <!-- runScenario -->
  <system-out/>
  <testcase classname="TestNGTestRunner.FailedTestRunner" name="runScenario" time="12.160">
    <failure message="expected [Cauliflower] but found [No data]" type="java.lang.AssertionError">
      <![CDATA[java.lang.AssertionError: expected [Cauliflower] but found [No data]
at org.testng.Assert.fail(Assert.java:110)
at org.testng.Assert.failNotEquals(Assert.java:1413)
at org.testng.Assert.assertEqualsImpl(Assert.java:149)
at org.testng.Assert.assertEquals(Assert.java:131)
at org.testng.Assert.assertEquals(Assert.java:655)
at org.testng.Assert.assertEquals(Assert.java:665)
at stepDefination.OffersPageStepDefination.check_is_both_products_are_same_or_not(OffersPageStepDefination.java:54)
at ✽.check is both products are same or not(file:///C:/Users/DinnuBunny/eclipse-workspace2/for-eclipse/for-eclipse/src/test/java/features/searchProduct.feature:9)
]]>
    </failure>
  </testcase> <!-- runScenario -->
  <system-out/>
</testsuite> <!-- TestNGTestRunner.FailedTestRunner -->
